<?xml version="1.0" encoding="UTF-8"?><testrun name="PersoanaGetVarstaTests" project="seminar5" tests="9" started="9" failures="0" errors="1" ignored="0">
  <testsuite name="teste.PersoanaGetVarstaTests" time="0.036">
    <testcase name="testPerformance" classname="teste.PersoanaGetVarstaTests" time="0.034">
      <error>org.junit.runners.model.TestTimedOutException: test timed out after 10 milliseconds
	at java.util.Calendar$Builder.build(Calendar.java:1473)
	at sun.util.locale.provider.CalendarProviderImpl.getInstance(CalendarProviderImpl.java:88)
	at java.util.Calendar.createCalendar(Calendar.java:1666)
	at java.util.Calendar.getInstance(Calendar.java:1613)
	at clase.Persoana.getVarsta(Persoana.java:50)
	at teste.PersoanaGetVarstaTests.testPerformance(PersoanaGetVarstaTests.java:93)
	at sun.reflect.NativeMethodAccessorImpl.invoke0(Native Method)
	at sun.reflect.NativeMethodAccessorImpl.invoke(NativeMethodAccessorImpl.java:62)
	at sun.reflect.DelegatingMethodAccessorImpl.invoke(DelegatingMethodAccessorImpl.java:43)
	at java.lang.reflect.Method.invoke(Method.java:498)
	at org.junit.runners.model.FrameworkMethod$1.runReflectiveCall(FrameworkMethod.java:50)
	at org.junit.internal.runners.model.ReflectiveCallable.run(ReflectiveCallable.java:12)
	at org.junit.runners.model.FrameworkMethod.invokeExplosively(FrameworkMethod.java:47)
	at org.junit.internal.runners.statements.InvokeMethod.evaluate(InvokeMethod.java:17)
	at org.junit.internal.runners.statements.FailOnTimeout$CallableStatement.call(FailOnTimeout.java:298)
	at org.junit.internal.runners.statements.FailOnTimeout$CallableStatement.call(FailOnTimeout.java:292)
	at java.util.concurrent.FutureTask.run(FutureTask.java:266)
	at java.lang.Thread.run(Thread.java:748)

</error>
    </testcase>
    <testcase name="testGetVarstaError" classname="teste.PersoanaGetVarstaTests" time="0.0"/>
    <testcase name="testGetVarstaBoundary1900" classname="teste.PersoanaGetVarstaTests" time="0.0"/>
    <testcase name="testGetVarstaBoundary2000" classname="teste.PersoanaGetVarstaTests" time="0.0"/>
    <testcase name="testGetVarstaRight1900" classname="teste.PersoanaGetVarstaTests" time="0.0"/>
    <testcase name="testGetVarstaRight2000" classname="teste.PersoanaGetVarstaTests" time="0.001"/>
    <testcase name="testGetVarstaBoundarySuperior1900" classname="teste.PersoanaGetVarstaTests" time="0.0"/>
    <testcase name="testGetVarstaBoundarySuperior2000" classname="teste.PersoanaGetVarstaTests" time="0.0"/>
    <testcase name="testGetVarstaNascutaInViitor" classname="teste.PersoanaGetVarstaTests" time="0.001"/>
  </testsuite>
</testrun>
